android/build/intermediates/manifest_merge_blame_file/debug/processDebugManifest/manifest-merger-blame-debug-report.txt
1<?xml version="1.0" encoding="utf-8"?>
2<manifest xmlns:android="http://schemas.android.com/apk/res/android"
3    package="com.skylantern.gromoread" >
4
5    <uses-sdk android:minSdkVersion="21" />
6
7    <!-- GroMore SDK required permissions -->
8    <uses-permission android:name="android.permission.INTERNET" />
8-->src\main\AndroidManifest.xml:5:5-67
8-->src\main\AndroidManifest.xml:5:22-64
9    <uses-permission android:name="android.permission.ACCESS_NETWORK_STATE" />
9-->src\main\AndroidManifest.xml:6:5-79
9-->src\main\AndroidManifest.xml:6:22-76
10    <uses-permission android:name="android.permission.ACCESS_WIFI_STATE" />
10-->src\main\AndroidManifest.xml:7:5-76
10-->src\main\AndroidManifest.xml:7:22-73
11    <uses-permission android:name="android.permission.READ_PHONE_STATE" />
11-->src\main\AndroidManifest.xml:8:5-75
11-->src\main\AndroidManifest.xml:8:22-72
12    <uses-permission android:name="android.permission.WRITE_EXTERNAL_STORAGE" />
12-->src\main\AndroidManifest.xml:9:5-81
12-->src\main\AndroidManifest.xml:9:22-78
13    <uses-permission android:name="android.permission.READ_EXTERNAL_STORAGE" />
13-->src\main\AndroidManifest.xml:10:5-80
13-->src\main\AndroidManifest.xml:10:22-77
14    <uses-permission android:name="android.permission.REQUEST_INSTALL_PACKAGES" />
14-->src\main\AndroidManifest.xml:11:5-83
14-->src\main\AndroidManifest.xml:11:22-80
15    <uses-permission android:name="android.permission.ACCESS_COARSE_LOCATION" />
15-->src\main\AndroidManifest.xml:12:5-81
15-->src\main\AndroidManifest.xml:12:22-78
16    <uses-permission android:name="android.permission.ACCESS_FINE_LOCATION" />
16-->src\main\AndroidManifest.xml:13:5-79
16-->src\main\AndroidManifest.xml:13:22-76
17    <uses-permission android:name="android.permission.VIBRATE" />
17-->src\main\AndroidManifest.xml:14:5-66
17-->src\main\AndroidManifest.xml:14:22-63
18    <uses-permission android:name="android.permission.SYSTEM_ALERT_WINDOW" />
18-->src\main\AndroidManifest.xml:15:5-78
18-->src\main\AndroidManifest.xml:15:22-75
19    <uses-permission android:name="android.permission.WAKE_LOCK" />
19-->src\main\AndroidManifest.xml:16:5-68
19-->src\main\AndroidManifest.xml:16:22-65
20    <uses-permission android:name="android.permission.DOWNLOAD_WITHOUT_NOTIFICATION" />
20-->src\main\AndroidManifest.xml:17:5-88
20-->src\main\AndroidManifest.xml:17:22-85
21    <uses-permission android:name="android.permission.QUERY_ALL_PACKAGES" />
21-->src\main\AndroidManifest.xml:18:5-77
21-->src\main\AndroidManifest.xml:18:22-74
22
23    <!-- GroMore SDK required features -->
24    <uses-feature
24-->src\main\AndroidManifest.xml:21:5-23:36
25        android:name="android.hardware.camera"
25-->src\main\AndroidManifest.xml:22:9-47
26        android:required="false" />
26-->src\main\AndroidManifest.xml:23:9-33
27    <uses-feature
27-->src\main\AndroidManifest.xml:24:5-26:36
28        android:name="android.hardware.camera.autofocus"
28-->src\main\AndroidManifest.xml:25:9-57
29        android:required="false" />
29-->src\main\AndroidManifest.xml:26:9-33
30    <uses-feature
30-->src\main\AndroidManifest.xml:27:5-29:36
31        android:name="android.hardware.microphone"
31-->src\main\AndroidManifest.xml:28:9-51
32        android:required="false" />
32-->src\main\AndroidManifest.xml:29:9-33
33
34</manifest>